生成启动时间为 2014-7-19 23:23:02。
     1>项目“G:\svn\code\trunk\ProjectX\ProX\cocos2d\cocos\audio\proj.win32\CocosDenshion.vcxproj”在节点 3 上(Build 个目标)。
     1>ClCompile:
         G:\visual studio\VC\bin\CL.exe /c /I"C:\Program Files (x86)\Microsoft SDKs\Windows\v7.1A\include" /I..\Include /IG:\svn\code\trunk\ProjectX\ProX\cocos2d\cocos\2d\..\..\cocos /IG:\svn\code\trunk\ProjectX\ProX\cocos2d\cocos\2d\..\..\cocos\2d /IG:\svn\code\trunk\ProjectX\ProX\cocos2d\cocos\2d\..\..\cocos\2d\renderer /IG:\svn\code\trunk\ProjectX\ProX\cocos2d\cocos\2d\..\..\cocos\ui /IG:\svn\code\trunk\ProjectX\ProX\cocos2d\cocos\2d\..\..\cocos\base /IG:\svn\code\trunk\ProjectX\ProX\cocos2d\cocos\2d\..\..\cocos\physics /IG:\svn\code\trunk\ProjectX\ProX\cocos2d\cocos\2d\..\..\cocos\math\kazmath /IG:\svn\code\trunk\ProjectX\ProX\cocos2d\cocos\2d\..\..\cocos\2d\platform\win32 /IG:\svn\code\trunk\ProjectX\ProX\cocos2d\cocos\2d\..\..\cocos\2d\platform\desktop /IG:\svn\code\trunk\ProjectX\ProX\cocos2d\cocos\2d\..\..\external\glfw3\include\win32 /I"G:\svn\code\trunk\ProjectX\ProX\cocos2d\cocos\2d\..\..\external\win32-specific\gles\include\OGLES" /ZI /nologo /W3 /WX- /MP /Od /Oy- /D WIN32 /D _DEBUG /D _WINDOWS /D _CRT_SECURE_NO_WARNINGS /D _VARIADIC_MAX=10 /Gm- /EHsc /RTC1 /MDd /GS /fp:precise /Zc:wchar_t /Zc:forScope /Fo"Debug.win32\\" /Fd"Debug.win32\vc120.pdb" /Gd /TP /wd4251 /analyze- /errorReport:prompt ..\win32\MciPlayer.cpp ..\win32\SimpleAudioEngine.cpp
         MciPlayer.cpp
         SimpleAudioEngine.cpp
     1>c:\program files (x86)\microsoft sdks\windows\v7.1a\include\sal_supp.h(57): warning C4005: “__useHeader”: 宏重定义 (..\win32\MciPlayer.cpp)
                 g:\visual studio\vc\include\sal.h(2886) : 参见“__useHeader”的前一个定义
     1>c:\program files (x86)\microsoft sdks\windows\v7.1a\include\specstrings_supp.h(77): warning C4005: “__on_failure”: 宏重定义 (..\win32\MciPlayer.cpp)
                 g:\visual studio\vc\include\sal.h(2896) : 参见“__on_failure”的前一个定义
     1>c:\program files (x86)\microsoft sdks\windows\v7.1a\include\sal_supp.h(57): warning C4005: “__useHeader”: 宏重定义 (..\win32\SimpleAudioEngine.cpp)
                 g:\visual studio\vc\include\sal.h(2886) : 参见“__useHeader”的前一个定义
     1>c:\program files (x86)\microsoft sdks\windows\v7.1a\include\specstrings_supp.h(77): warning C4005: “__on_failure”: 宏重定义 (..\win32\SimpleAudioEngine.cpp)
                 g:\visual studio\vc\include\sal.h(2896) : 参见“__on_failure”的前一个定义
       Lib:
         G:\visual studio\VC\bin\Lib.exe /OUT:"G:\svn\code\trunk\ProjectX\ProX\proj.win32\Debug.win32\libAudio.lib" /NOLOGO Debug.win32\MciPlayer.obj
         Debug.win32\SimpleAudioEngine.obj
         CocosDenshion.vcxproj -> G:\svn\code\trunk\ProjectX\ProX\proj.win32\Debug.win32\libAudio.lib
     1>已完成生成项目“G:\svn\code\trunk\ProjectX\ProX\cocos2d\cocos\audio\proj.win32\CocosDenshion.vcxproj”(Build 个目标)的操作。

生成成功。

已用时间 00:00:35.80
